{"logTime": "0814/162334", "correlationVector":"WnvFPzY9oW4QW/nGiSfQkQ.1","action":"SyncServerConnectionManagerRequest", "result":"SYNC_SERVER_OK", "context":{"environment":"Prod_southindia_prod-s01-004-apac-southindia", "migrationStage":"NotStarted", "server":"akswtt01500000v"}}
{"logTime": "0814/162334", "correlationVector":"WnvFPzY9oW4QW/nGiSfQkQ.2","action":"ProcessGetUpdates", "result":"Done", "context":{"dataType":"Encryption Keys", "deleted":"0", "process_failed_to_decrypt":"0", "process_pending_decryption":"0", "process_success":"1", "total":"1"}}
{"logTime": "0814/162335", "correlationVector":"V/VIz7l+W3sw6uWEpAwglD","action":"SyncServerConnectionManagerRequest", "result":"SYNC_SERVER_OK", "context":{"environment":"", "migrationStage":"", "server":""}}
{"logTime": "0814/162335", "correlationVector":"V/VIz7l+W3sw6uWEpAwglD.0","action":"EncryptionKeysFetcher.DownloadKeys:", "result":"Success", "context":Key count: 10, Last key timestamp: 2025-08-10T07:12:08Z}
{"logTime": "0814/162335", "correlationVector":"V/VIz7l+W3sw6uWEpAwglD.1","action":"EncryptionKeysManager::SetEncryptionKeys:", "result":"Success", "context":Key names[10]:[SLiBawSMvSPzZyflXHanYqO4v6RDKY8MKmgknDEzPX1jqEW6EdtFltJnROXe8goyEdkH5U2Tq/BmrAfhZjD3Eg==][zlr6j//R93nPmucMI8q6rL1Rpy4tjOweLyzHAkTuV05VfxKtsCjl94S8wfsfb+RtVKRcSvB4MEzuJpW3qiChGw==][gNGX5o8843GOi9M034TeG6SOwIYphegXq0XuYMWbiHCVAZDm45or2hhaj8iLWxo0jlNwKY75m3vsPJ3pe+zBIA==][1uBK+nBCKLd89CmxzaS/cjBXFk3jKw0i2OBis2BAJ2207YlSiVmntdbNO8oIlXv+7QbT6dGhS2jKpNu7MTBwIA==][mlnu1vpSP1JYmj9/R/jvebTj/yu1Qg5cza1YnyoBqz2pNadXgiroKn8mpznhf6S2NUxCrrw6yUmaP67N4UCAHA==][JfYBmNy86NT8adEBff90xYcKStio5c7BuSP01DetzePisN6uAtuvKYSM8fvlRg4Isv2lAhNo0CtfpPwUbVMsXQ==][m0itRm6ANqe/vnFneMBCZxd2Vz0zRtSH7aX3mQ6jJU7FbAZQqciuzh1EzdLuRmJUJwBxEzBXkt+Ucb3gNwazzg==][4NTgi8TjcCa04q+JgBun705CyEYDLXwe6107ceLSjTQVnE+dG3Nj2uMHEcbExRkN5N1O6VVn2ATam/DF46MYRw==][ueyRtS9rk69VIzvTkPYJXkqsE6LpCUQCDT40rtYzCllWZBME35V7UM8jpftETi/i9Wpqg8obWVtalB8ZnYS3BA==][L2O+bgSYTk0c+8njR5wVGSkQQ+xVNrIZNl2p1peQTwSJrcG801cCDFGk6moiQQhUeUIwHRANZdpoxcV4vpvKsQ==]}
{"logTime": "0814/162335", "correlationVector":"V/VIz7l+W3sw6uWEpAwglD.2","action":"EncryptionKeysManager::SetEncryptionKeysWithTimestamps:", "result":"Success", "context":Key timestamps[10]:[2021-11-02T05:02:30Z][2022-02-05T04:30:12Z][2022-08-05T05:09:00Z][2023-02-01T14:36:25Z][2023-08-01T08:25:40Z][2024-01-28T08:28:28Z][2024-07-26T14:02:03Z][2024-11-24T14:58:23Z][2025-02-10T09:47:48Z][2025-08-10T07:12:08Z]}
{"logTime": "0814/162335", "correlationVector":"WnvFPzY9oW4QW/nGiSfQkQ","action":"Initial GetUpdates", "result":"", "context":Reason: NEW_CLIENT. cV=WnvFPzY9oW4QW/nGiSfQkQ}
{"logTime": "0814/162335", "correlationVector":"WnvFPzY9oW4QW/nGiSfQkQ.3","action":"GetUpdates Response", "result":"Success", "context":Received 1 update(s). cV=WnvFPzY9oW4QW/nGiSfQkQ.0;server=akswtt01500000v;cloudType=Consumer;environment=Prod_southindia_prod-s01-004-apac-southindia;migrationStage=NotStarted}
{"logTime": "0814/162335", "correlationVector":"uvTkh70stoAvt4rbLvJrL2","action":"Initial GetUpdates", "result":"", "context":Reason: NEWLY_SUPPORTED_DATATYPE. cV=uvTkh70stoAvt4rbLvJrL2}
{"logTime": "0814/162336", "correlationVector":"uvTkh70stoAvt4rbLvJrL2.1","action":"SyncServerConnectionManagerRequest", "result":"SYNC_SERVER_OK", "context":{"environment":"Prod_southindia_prod-s01-004-apac-southindia", "migrationStage":"NotStarted", "server":"akswtt01500004q"}}
{"logTime": "0814/162336", "correlationVector":"uvTkh70stoAvt4rbLvJrL2.2","action":"ProcessGetUpdates", "result":"Done", "context":{"dataType":"Preferences", "deleted":"0", "process_failed_to_decrypt":"0", "process_pending_decryption":"0", "process_success":"118", "total":"118"}}
{"logTime": "0814/162336", "correlationVector":"uvTkh70stoAvt4rbLvJrL2.3","action":"ProcessGetUpdates", "result":"Done", "context":{"dataType":"Passwords", "deleted":"5", "process_failed_to_decrypt":"0", "process_pending_decryption":"0", "process_success":"96", "total":"96"}}
{"logTime": "0814/162336", "correlationVector":"uvTkh70stoAvt4rbLvJrL2.4","action":"ProcessGetUpdates", "result":"Done", "context":{"dataType":"Device Info", "deleted":"0", "process_failed_to_decrypt":"0", "process_pending_decryption":"0", "process_success":"36", "total":"36"}}
{"logTime": "0814/162336", "correlationVector":"uvTkh70stoAvt4rbLvJrL2.5","action":"GetUpdates Response", "result":"Success", "context":Received 250 update(s). cV=uvTkh70stoAvt4rbLvJrL2.0;server=akswtt01500004q;cloudType=Consumer;environment=Prod_southindia_prod-s01-004-apac-southindia;migrationStage=NotStarted Some updates remain.}
{"logTime": "0814/162336", "correlationVector":"WewKzcSEfOoJzzSdDaY5g/","action":"Initial GetUpdates", "result":"", "context":Reason: NEWLY_SUPPORTED_DATATYPE. cV=WewKzcSEfOoJzzSdDaY5g/}
{"logTime": "0814/162337", "correlationVector":"WewKzcSEfOoJzzSdDaY5g/.1","action":"SyncServerConnectionManagerRequest", "result":"SYNC_SERVER_OK", "context":{"environment":"Prod_southindia_prod-s01-004-apac-southindia", "migrationStage":"NotStarted", "server":"akswtt01500003m"}}
{"logTime": "0814/162337", "correlationVector":"WewKzcSEfOoJzzSdDaY5g/.2","action":"ProcessGetUpdates", "result":"Done", "context":{"dataType":"Passwords", "deleted":"0", "process_failed_to_decrypt":"0", "process_pending_decryption":"0", "process_success":"250", "total":"250"}}
{"logTime": "0814/162337", "correlationVector":"WewKzcSEfOoJzzSdDaY5g/.3","action":"GetUpdates Response", "result":"Success", "context":Received 250 update(s). cV=WewKzcSEfOoJzzSdDaY5g/.0;server=akswtt01500003m;cloudType=Consumer;environment=Prod_southindia_prod-s01-004-apac-southindia;migrationStage=NotStarted Some updates remain.}
{"logTime": "0814/162337", "correlationVector":"BJf0biLgCj57X7S4T82W3Q","action":"Initial GetUpdates", "result":"", "context":Reason: NEWLY_SUPPORTED_DATATYPE. cV=BJf0biLgCj57X7S4T82W3Q}
{"logTime": "0814/162337", "correlationVector":"BJf0biLgCj57X7S4T82W3Q.1","action":"SyncServerConnectionManagerRequest", "result":"SYNC_SERVER_OK", "context":{"environment":"Prod_southindia_prod-s01-004-apac-southindia", "migrationStage":"NotStarted", "server":"akswtt01500001z"}}
{"logTime": "0814/162337", "correlationVector":"BJf0biLgCj57X7S4T82W3Q.2","action":"ProcessGetUpdates", "result":"Done", "context":{"dataType":"Preferences", "deleted":"0", "process_failed_to_decrypt":"0", "process_pending_decryption":"0", "process_success":"8", "total":"8"}}
{"logTime": "0814/162337", "correlationVector":"BJf0biLgCj57X7S4T82W3Q.3","action":"ProcessGetUpdates", "result":"Done", "context":{"dataType":"Passwords", "deleted":"0", "process_failed_to_decrypt":"0", "process_pending_decryption":"0", "process_success":"16", "total":"16"}}
{"logTime": "0814/162337", "correlationVector":"BJf0biLgCj57X7S4T82W3Q.4","action":"ProcessGetUpdates", "result":"Done", "context":{"dataType":"Device Info", "deleted":"0", "process_failed_to_decrypt":"0", "process_pending_decryption":"0", "process_success":"1", "total":"1"}}
{"logTime": "0814/162337", "correlationVector":"BJf0biLgCj57X7S4T82W3Q.5","action":"GetUpdates Response", "result":"Success", "context":Received 25 update(s). cV=BJf0biLgCj57X7S4T82W3Q.0;server=akswtt01500001z;cloudType=Consumer;environment=Prod_southindia_prod-s01-004-apac-southindia;migrationStage=NotStarted}
{"logTime": "0814/162337", "correlationVector":"mvaUDZWx1wu0DzUf1UQ6CI","action":"Initial GetUpdates", "result":"", "context":Reason: NEWLY_SUPPORTED_DATATYPE. cV=mvaUDZWx1wu0DzUf1UQ6CI}
{"logTime": "0814/162337", "correlationVector":"mvaUDZWx1wu0DzUf1UQ6CI.1","action":"SyncServerConnectionManagerRequest", "result":"SYNC_SERVER_OK", "context":{"environment":"Prod_southindia_prod-s01-004-apac-southindia", "migrationStage":"NotStarted", "server":"akswtt01500003m"}}
{"logTime": "0814/162337", "correlationVector":"mvaUDZWx1wu0DzUf1UQ6CI.2","action":"ProcessGetUpdates", "result":"Done", "context":{"dataType":"Bookmarks", "deleted":"0", "process_failed_to_decrypt":"0", "process_pending_decryption":"0", "process_success":"81", "total":"81"}}
{"logTime": "0814/162337", "correlationVector":"mvaUDZWx1wu0DzUf1UQ6CI.3","action":"GetUpdates Response", "result":"Success", "context":Received 81 update(s). cV=mvaUDZWx1wu0DzUf1UQ6CI.0;server=akswtt01500003m;cloudType=Consumer;environment=Prod_southindia_prod-s01-004-apac-southindia;migrationStage=NotStarted}
{"logTime": "0814/162337", "correlationVector":"Jq+Rws/aFEIGEjoc7JOCpf","action":"Initial GetUpdates", "result":"", "context":Reason: NEWLY_SUPPORTED_DATATYPE. cV=Jq+Rws/aFEIGEjoc7JOCpf}
{"logTime": "0814/162338", "correlationVector":"Jq+Rws/aFEIGEjoc7JOCpf.1","action":"SyncServerConnectionManagerRequest", "result":"SYNC_SERVER_OK", "context":{"environment":"Prod_southindia_prod-s01-004-apac-southindia", "migrationStage":"NotStarted", "server":"akswtt01500006h"}}
{"logTime": "0814/162338", "correlationVector":"Jq+Rws/aFEIGEjoc7JOCpf.2","action":"ProcessGetUpdates", "result":"Done", "context":{"dataType":"Autofill", "deleted":"0", "process_failed_to_decrypt":"0", "process_pending_decryption":"0", "process_success":"244", "total":"244"}}
{"logTime": "0814/162338", "correlationVector":"Jq+Rws/aFEIGEjoc7JOCpf.3","action":"ProcessGetUpdates", "result":"Done", "context":{"dataType":"Extensions", "deleted":"0", "process_failed_to_decrypt":"0", "process_pending_decryption":"0", "process_success":"3", "total":"3"}}
{"logTime": "0814/162338", "correlationVector":"Jq+Rws/aFEIGEjoc7JOCpf.4","action":"ProcessGetUpdates", "result":"Done", "context":{"dataType":"Web Apps", "deleted":"0", "process_failed_to_decrypt":"0", "process_pending_decryption":"0", "process_success":"3", "total":"3"}}
{"logTime": "0814/162338", "correlationVector":"Jq+Rws/aFEIGEjoc7JOCpf.5","action":"GetUpdates Response", "result":"Success", "context":Received 250 update(s). cV=Jq+Rws/aFEIGEjoc7JOCpf.0;server=akswtt01500006h;cloudType=Consumer;environment=Prod_southindia_prod-s01-004-apac-southindia;migrationStage=NotStarted Some updates remain.}
{"logTime": "0814/162338", "correlationVector":"/n8tMGPSLSpiJCLdePrjT3","action":"Initial GetUpdates", "result":"", "context":Reason: NEWLY_SUPPORTED_DATATYPE. cV=/n8tMGPSLSpiJCLdePrjT3}
{"logTime": "0814/162339", "correlationVector":"/n8tMGPSLSpiJCLdePrjT3.1","action":"SyncServerConnectionManagerRequest", "result":"SYNC_SERVER_OK", "context":{"environment":"Prod_southindia_prod-s01-004-apac-southindia", "migrationStage":"NotStarted", "server":"akswtt01500006k"}}
{"logTime": "0814/162339", "correlationVector":"/n8tMGPSLSpiJCLdePrjT3.2","action":"ProcessGetUpdates", "result":"Done", "context":{"dataType":"Autofill Profiles", "deleted":"1", "process_failed_to_decrypt":"0", "process_pending_decryption":"0", "process_success":"1", "total":"1"}}
{"logTime": "0814/162339", "correlationVector":"/n8tMGPSLSpiJCLdePrjT3.3","action":"ProcessGetUpdates", "result":"Done", "context":{"dataType":"Extensions", "deleted":"0", "process_failed_to_decrypt":"0", "process_pending_decryption":"0", "process_success":"2", "total":"2"}}
{"logTime": "0814/162339", "correlationVector":"/n8tMGPSLSpiJCLdePrjT3.4","action":"ProcessGetUpdates", "result":"Done", "context":{"dataType":"Sessions", "deleted":"237", "process_failed_to_decrypt":"0", "process_pending_decryption":"0", "process_success":"237", "total":"237"}}
{"logTime": "0814/162339", "correlationVector":"/n8tMGPSLSpiJCLdePrjT3.5","action":"ProcessGetUpdates", "result":"Done", "context":{"dataType":"Web Apps", "deleted":"0", "process_failed_to_decrypt":"0", "process_pending_decryption":"0", "process_success":"1", "total":"1"}}
{"logTime": "0814/162339", "correlationVector":"/n8tMGPSLSpiJCLdePrjT3.6","action":"ProcessGetUpdates", "result":"Done", "context":{"dataType":"Edge Hub App Usage", "deleted":"3", "process_failed_to_decrypt":"0", "process_pending_decryption":"0", "process_success":"9", "total":"9"}}
{"logTime": "0814/162339", "correlationVector":"/n8tMGPSLSpiJCLdePrjT3.7","action":"GetUpdates Response", "result":"Success", "context":Received 250 update(s). cV=/n8tMGPSLSpiJCLdePrjT3.0;server=akswtt01500006k;cloudType=Consumer;environment=Prod_southindia_prod-s01-004-apac-southindia;migrationStage=NotStarted Some updates remain.}
{"logTime": "0814/162339", "correlationVector":"N48zZIbkbqUgp2OxuuxZQY","action":"Initial GetUpdates", "result":"", "context":Reason: NEWLY_SUPPORTED_DATATYPE. cV=N48zZIbkbqUgp2OxuuxZQY}
{"logTime": "0814/162340", "correlationVector":"N48zZIbkbqUgp2OxuuxZQY.1","action":"SyncServerConnectionManagerRequest", "result":"SYNC_SERVER_OK", "context":{"environment":"Prod_southindia_prod-s01-004-apac-southindia", "migrationStage":"NotStarted", "server":"akswtt015000064"}}
{"logTime": "0814/162340", "correlationVector":"N48zZIbkbqUgp2OxuuxZQY.2","action":"ProcessGetUpdates", "result":"Done", "context":{"dataType":"Autofill Profiles", "deleted":"0", "process_failed_to_decrypt":"0", "process_pending_decryption":"0", "process_success":"12", "total":"12"}}
{"logTime": "0814/162340", "correlationVector":"N48zZIbkbqUgp2OxuuxZQY.3","action":"ProcessGetUpdates", "result":"Done", "context":{"dataType":"Autofill", "deleted":"0", "process_failed_to_decrypt":"0", "process_pending_decryption":"0", "process_success":"62", "total":"62"}}
{"logTime": "0814/162340", "correlationVector":"N48zZIbkbqUgp2OxuuxZQY.4","action":"ProcessGetUpdates", "result":"Done", "context":{"dataType":"Sessions", "deleted":"166", "process_failed_to_decrypt":"0", "process_pending_decryption":"0", "process_success":"166", "total":"166"}}
{"logTime": "0814/162340", "correlationVector":"N48zZIbkbqUgp2OxuuxZQY.5","action":"ProcessGetUpdates", "result":"Done", "context":{"dataType":"Saved Tab Group", "deleted":"8", "process_failed_to_decrypt":"0", "process_pending_decryption":"0", "process_success":"8", "total":"8"}}
{"logTime": "0814/162340", "correlationVector":"N48zZIbkbqUgp2OxuuxZQY.6","action":"ProcessGetUpdates", "result":"Done", "context":{"dataType":"Edge Hub App Usage", "deleted":"1", "process_failed_to_decrypt":"0", "process_pending_decryption":"0", "process_success":"2", "total":"2"}}
{"logTime": "0814/162340", "correlationVector":"N48zZIbkbqUgp2OxuuxZQY.7","action":"GetUpdates Response", "result":"Success", "context":Received 250 update(s). cV=N48zZIbkbqUgp2OxuuxZQY.0;server=akswtt015000064;cloudType=Consumer;environment=Prod_southindia_prod-s01-004-apac-southindia;migrationStage=NotStarted Some updates remain.}
{"logTime": "0814/162340", "correlationVector":"SqBWcvjWdObrMFGKuJzwhM","action":"Initial GetUpdates", "result":"", "context":Reason: NEWLY_SUPPORTED_DATATYPE. cV=SqBWcvjWdObrMFGKuJzwhM}
{"logTime": "0814/162340", "correlationVector":"SqBWcvjWdObrMFGKuJzwhM.1","action":"SyncServerConnectionManagerRequest", "result":"SYNC_SERVER_OK", "context":{"environment":"Prod_southindia_prod-s01-004-apac-southindia", "migrationStage":"NotStarted", "server":"akswtt01500006k"}}
{"logTime": "0814/162340", "correlationVector":"SqBWcvjWdObrMFGKuJzwhM.2","action":"ProcessGetUpdates", "result":"Done", "context":{"dataType":"Autofill Profiles", "deleted":"0", "process_failed_to_decrypt":"0", "process_pending_decryption":"0", "process_success":"4", "total":"4"}}
{"logTime": "0814/162340", "correlationVector":"SqBWcvjWdObrMFGKuJzwhM.3","action":"ProcessGetUpdates", "result":"Done", "context":{"dataType":"Autofill", "deleted":"0", "process_failed_to_decrypt":"0", "process_pending_decryption":"0", "process_success":"44", "total":"44"}}
{"logTime": "0814/162340", "correlationVector":"SqBWcvjWdObrMFGKuJzwhM.4","action":"ProcessGetUpdates", "result":"Done", "context":{"dataType":"Sessions", "deleted":"73", "process_failed_to_decrypt":"0", "process_pending_decryption":"0", "process_success":"84", "total":"84"}}
{"logTime": "0814/162340", "correlationVector":"SqBWcvjWdObrMFGKuJzwhM.5","action":"ProcessGetUpdates", "result":"Done", "context":{"dataType":"Web Apps", "deleted":"0", "process_failed_to_decrypt":"0", "process_pending_decryption":"0", "process_success":"1", "total":"1"}}
{"logTime": "0814/162340", "correlationVector":"SqBWcvjWdObrMFGKuJzwhM.6","action":"ProcessGetUpdates", "result":"Done", "context":{"dataType":"Saved Tab Group", "deleted":"1", "process_failed_to_decrypt":"0", "process_pending_decryption":"0", "process_success":"4", "total":"4"}}
{"logTime": "0814/162340", "correlationVector":"SqBWcvjWdObrMFGKuJzwhM.7","action":"GetUpdates Response", "result":"Success", "context":Received 137 update(s). cV=SqBWcvjWdObrMFGKuJzwhM.0;server=akswtt01500006k;cloudType=Consumer;environment=Prod_southindia_prod-s01-004-apac-southindia;migrationStage=NotStarted}
{"logTime": "0814/162341", "correlationVector":"ETky9XqoZ+GQF/qHPkJqPy","action":"Initial GetUpdates", "result":"", "context":Reason: NEWLY_SUPPORTED_DATATYPE. cV=ETky9XqoZ+GQF/qHPkJqPy}
{"logTime": "0814/162341", "correlationVector":"ETky9XqoZ+GQF/qHPkJqPy.1","action":"SyncServerConnectionManagerRequest", "result":"SYNC_SERVER_OK", "context":{"environment":"Prod_southindia_prod-s01-004-apac-southindia", "migrationStage":"NotStarted", "server":"akswtt01500000o"}}
{"logTime": "0814/162341", "correlationVector":"ETky9XqoZ+GQF/qHPkJqPy.2","action":"ProcessGetUpdates", "result":"Done", "context":{"dataType":"History", "deleted":"0", "process_failed_to_decrypt":"0", "process_pending_decryption":"0", "process_success":"250", "total":"250"}}
{"logTime": "0814/162341", "correlationVector":"ETky9XqoZ+GQF/qHPkJqPy.3","action":"GetUpdates Response", "result":"Success", "context":Received 250 update(s). cV=ETky9XqoZ+GQF/qHPkJqPy.0;server=akswtt01500000o;cloudType=Consumer;environment=Prod_southindia_prod-s01-004-apac-southindia;migrationStage=NotStarted Some updates remain.}
{"logTime": "0814/162341", "correlationVector":"qAfyfhqAUyTUG7qqHi/bMB","action":"Initial GetUpdates", "result":"", "context":Reason: NEWLY_SUPPORTED_DATATYPE. cV=qAfyfhqAUyTUG7qqHi/bMB}
{"logTime": "0814/162342", "correlationVector":"qAfyfhqAUyTUG7qqHi/bMB.1","action":"SyncServerConnectionManagerRequest", "result":"SYNC_SERVER_OK", "context":{"environment":"Prod_southindia_prod-s01-004-apac-southindia", "migrationStage":"NotStarted", "server":"akswtt01500005r"}}
{"logTime": "0814/162342", "correlationVector":"qAfyfhqAUyTUG7qqHi/bMB.2","action":"ProcessGetUpdates", "result":"Done", "context":{"dataType":"History", "deleted":"0", "process_failed_to_decrypt":"0", "process_pending_decryption":"0", "process_success":"250", "total":"250"}}
{"logTime": "0814/162342", "correlationVector":"qAfyfhqAUyTUG7qqHi/bMB.3","action":"GetUpdates Response", "result":"Success", "context":Received 250 update(s). cV=qAfyfhqAUyTUG7qqHi/bMB.0;server=akswtt01500005r;cloudType=Consumer;environment=Prod_southindia_prod-s01-004-apac-southindia;migrationStage=NotStarted Some updates remain.}
{"logTime": "0814/162342", "correlationVector":"c2Tfpp0LBlD7T5rW8j3hvG","action":"Initial GetUpdates", "result":"", "context":Reason: NEWLY_SUPPORTED_DATATYPE. cV=c2Tfpp0LBlD7T5rW8j3hvG}
{"logTime": "0814/162342", "correlationVector":"c2Tfpp0LBlD7T5rW8j3hvG.1","action":"SyncServerConnectionManagerRequest", "result":"SYNC_SERVER_OK", "context":{"environment":"Prod_southindia_prod-s01-004-apac-southindia", "migrationStage":"NotStarted", "server":"akswtt01500004y"}}
{"logTime": "0814/162342", "correlationVector":"c2Tfpp0LBlD7T5rW8j3hvG.2","action":"ProcessGetUpdates", "result":"Done", "context":{"dataType":"History", "deleted":"0", "process_failed_to_decrypt":"0", "process_pending_decryption":"0", "process_success":"250", "total":"250"}}
{"logTime": "0814/162342", "correlationVector":"c2Tfpp0LBlD7T5rW8j3hvG.3","action":"GetUpdates Response", "result":"Success", "context":Received 250 update(s). cV=c2Tfpp0LBlD7T5rW8j3hvG.0;server=akswtt01500004y;cloudType=Consumer;environment=Prod_southindia_prod-s01-004-apac-southindia;migrationStage=NotStarted Some updates remain.}
{"logTime": "0814/162342", "correlationVector":"QGgmN5xhtu8vNcmg+OmPsf","action":"Initial GetUpdates", "result":"", "context":Reason: NEWLY_SUPPORTED_DATATYPE. cV=QGgmN5xhtu8vNcmg+OmPsf}
{"logTime": "0814/162343", "correlationVector":"QGgmN5xhtu8vNcmg+OmPsf.1","action":"SyncServerConnectionManagerRequest", "result":"SYNC_SERVER_OK", "context":{"environment":"Prod_southindia_prod-s01-004-apac-southindia", "migrationStage":"NotStarted", "server":"akswtt01500005p"}}
{"logTime": "0814/162343", "correlationVector":"QGgmN5xhtu8vNcmg+OmPsf.2","action":"ProcessGetUpdates", "result":"Done", "context":{"dataType":"History", "deleted":"0", "process_failed_to_decrypt":"0", "process_pending_decryption":"0", "process_success":"250", "total":"250"}}
{"logTime": "0814/162343", "correlationVector":"QGgmN5xhtu8vNcmg+OmPsf.3","action":"GetUpdates Response", "result":"Success", "context":Received 250 update(s). cV=QGgmN5xhtu8vNcmg+OmPsf.0;server=akswtt01500005p;cloudType=Consumer;environment=Prod_southindia_prod-s01-004-apac-southindia;migrationStage=NotStarted Some updates remain.}
{"logTime": "0814/162343", "correlationVector":"vsDDVzto6IseCA3EtXeguH","action":"Initial GetUpdates", "result":"", "context":Reason: NEWLY_SUPPORTED_DATATYPE. cV=vsDDVzto6IseCA3EtXeguH}
{"logTime": "0814/162343", "correlationVector":"vsDDVzto6IseCA3EtXeguH.1","action":"SyncServerConnectionManagerRequest", "result":"SYNC_SERVER_OK", "context":{"environment":"Prod_southindia_prod-s01-004-apac-southindia", "migrationStage":"NotStarted", "server":"akswtt01500006k"}}
{"logTime": "0814/162343", "correlationVector":"vsDDVzto6IseCA3EtXeguH.2","action":"ProcessGetUpdates", "result":"Done", "context":{"dataType":"History", "deleted":"0", "process_failed_to_decrypt":"0", "process_pending_decryption":"0", "process_success":"250", "total":"250"}}
{"logTime": "0814/162343", "correlationVector":"vsDDVzto6IseCA3EtXeguH.3","action":"GetUpdates Response", "result":"Success", "context":Received 250 update(s). cV=vsDDVzto6IseCA3EtXeguH.0;server=akswtt01500006k;cloudType=Consumer;environment=Prod_southindia_prod-s01-004-apac-southindia;migrationStage=NotStarted Some updates remain.}
{"logTime": "0814/162343", "correlationVector":"znfCJzH7ejIAzf2S9UATh8","action":"Initial GetUpdates", "result":"", "context":Reason: NEWLY_SUPPORTED_DATATYPE. cV=znfCJzH7ejIAzf2S9UATh8}
{"logTime": "0814/162344", "correlationVector":"znfCJzH7ejIAzf2S9UATh8.1","action":"SyncServerConnectionManagerRequest", "result":"SYNC_SERVER_OK", "context":{"environment":"Prod_southindia_prod-s01-004-apac-southindia", "migrationStage":"NotStarted", "server":"akswtt015000062"}}
{"logTime": "0814/162344", "correlationVector":"znfCJzH7ejIAzf2S9UATh8.2","action":"ProcessGetUpdates", "result":"Done", "context":{"dataType":"History", "deleted":"0", "process_failed_to_decrypt":"0", "process_pending_decryption":"0", "process_success":"250", "total":"250"}}
{"logTime": "0814/162344", "correlationVector":"znfCJzH7ejIAzf2S9UATh8.3","action":"GetUpdates Response", "result":"Success", "context":Received 250 update(s). cV=znfCJzH7ejIAzf2S9UATh8.0;server=akswtt015000062;cloudType=Consumer;environment=Prod_southindia_prod-s01-004-apac-southindia;migrationStage=NotStarted Some updates remain.}
{"logTime": "0814/162344", "correlationVector":"eSj+QMvOA4Pc1AncoHR24V","action":"Initial GetUpdates", "result":"", "context":Reason: NEWLY_SUPPORTED_DATATYPE. cV=eSj+QMvOA4Pc1AncoHR24V}
{"logTime": "0814/162344", "correlationVector":"eSj+QMvOA4Pc1AncoHR24V.1","action":"SyncServerConnectionManagerRequest", "result":"SYNC_SERVER_OK", "context":{"environment":"Prod_southindia_prod-s01-004-apac-southindia", "migrationStage":"NotStarted", "server":"akswtt01500005s"}}
{"logTime": "0814/162344", "correlationVector":"eSj+QMvOA4Pc1AncoHR24V.2","action":"ProcessGetUpdates", "result":"Done", "context":{"dataType":"History", "deleted":"0", "process_failed_to_decrypt":"0", "process_pending_decryption":"0", "process_success":"250", "total":"250"}}
{"logTime": "0814/162344", "correlationVector":"eSj+QMvOA4Pc1AncoHR24V.3","action":"GetUpdates Response", "result":"Success", "context":Received 250 update(s). cV=eSj+QMvOA4Pc1AncoHR24V.0;server=akswtt01500005s;cloudType=Consumer;environment=Prod_southindia_prod-s01-004-apac-southindia;migrationStage=NotStarted Some updates remain.}
{"logTime": "0814/162344", "correlationVector":"PaTMFHP6rxkBIatx018NW+","action":"Initial GetUpdates", "result":"", "context":Reason: NEWLY_SUPPORTED_DATATYPE. cV=PaTMFHP6rxkBIatx018NW+}
{"logTime": "0814/162344", "correlationVector":"PaTMFHP6rxkBIatx018NW+.1","action":"SyncServerConnectionManagerRequest", "result":"SYNC_SERVER_OK", "context":{"environment":"Prod_southindia_prod-s01-004-apac-southindia", "migrationStage":"NotStarted", "server":"akswtt01500004y"}}
{"logTime": "0814/162344", "correlationVector":"PaTMFHP6rxkBIatx018NW+.2","action":"ProcessGetUpdates", "result":"Done", "context":{"dataType":"History", "deleted":"0", "process_failed_to_decrypt":"0", "process_pending_decryption":"0", "process_success":"154", "total":"154"}}
{"logTime": "0814/162344", "correlationVector":"PaTMFHP6rxkBIatx018NW+.3","action":"GetUpdates Response", "result":"Success", "context":Received 154 update(s). cV=PaTMFHP6rxkBIatx018NW+.0;server=akswtt01500004y;cloudType=Consumer;environment=Prod_southindia_prod-s01-004-apac-southindia;migrationStage=NotStarted}
{"logTime": "0814/162344", "correlationVector":"QUoDRcgalapQYN9jkv/+dd","action":"Normal GetUpdate request", "result":"", "context":cV=QUoDRcgalapQYN9jkv/+dd
Nudged types: Preferences, Passwords, Sessions, Device Info, User Consents
Refresh requested types: Bookmarks, Preferences, Passwords, Autofill Profiles, Autofill, Extensions, Sessions, Extension settings, History Delete Directives, Device Info, User Consents, Send Tab To Self, Web Apps, History, Saved Tab Group, WebAuthn Credentials, Collection, Edge E Drop, Edge Hub App Usage, Edge Wallet, Encryption Keys}
{"logTime": "0814/162345", "correlationVector":"QUoDRcgalapQYN9jkv/+dd.1","action":"SyncServerConnectionManagerRequest", "result":"SYNC_SERVER_OK", "context":{"environment":"Prod_southindia_prod-s01-004-apac-southindia", "migrationStage":"NotStarted", "server":"akswtt01500005i"}}
{"logTime": "0814/162345", "correlationVector":"QUoDRcgalapQYN9jkv/+dd.2","action":"GetUpdates Response", "result":"Success", "context":Received 0 update(s). cV=QUoDRcgalapQYN9jkv/+dd.0;server=akswtt01500005i;cloudType=Consumer;environment=Prod_southindia_prod-s01-004-apac-southindia;migrationStage=NotStarted}
{"logTime": "0814/162345", "correlationVector":"GuTcXNNiqTqZMMUK+92g+2","action":"Commit Request", "result":"", "context":Item count: 8
Contributing types: Preferences, Passwords, Sessions, Device Info, User Consents}
{"logTime": "0814/162345", "correlationVector":"GuTcXNNiqTqZMMUK+92g+2.1","action":"SyncServerConnectionManagerRequest", "result":"SYNC_SERVER_OK", "context":{"environment":"Prod_southindia_prod-s01-004-apac-southindia", "migrationStage":"NotStarted", "server":"akswtt01500003n"}}
{"logTime": "0814/162345", "correlationVector":"GuTcXNNiqTqZMMUK+92g+2.2","action":"Commit Response", "result":"Success", "context":Result: Success. cV=GuTcXNNiqTqZMMUK+92g+2.0;server=akswtt01500003n;cloudType=Consumer;environment=Prod_southindia_prod-s01-004-apac-southindia;migrationStage=NotStarted}
